<?xml version="1.0" encoding="UTF-8"?>
<testsuite xmlns:xsi="http://www.w3.org/2001/XMLSchema-instance" xsi:noNamespaceSchemaLocation="https://maven.apache.org/surefire/maven-surefire-plugin/xsd/surefire-test-report.xsd" name="testrunners.TestRunner" time="2.34" tests="7" errors="0" skipped="0" failures="0">
  <properties>
    <property name="sun.desktop" value="windows"/>
    <property name="awt.toolkit" value="sun.awt.windows.WToolkit"/>
    <property name="file.encoding.pkg" value="sun.io"/>
    <property name="java.specification.version" value="1.8"/>
    <property name="sun.cpu.isalist" value="amd64"/>
    <property name="sun.jnu.encoding" value="Cp1252"/>
    <property name="java.class.path" value="F:\Cucumber6_Series_updated\cucumber6series\target\test-classes;F:\Cucumber6_Series_updated\cucumber6series\target\classes;E:\MavenRepository\io\cucumber\cucumber-java\6.9.0\cucumber-java-6.9.0.jar;E:\MavenRepository\io\cucumber\cucumber-core\6.9.0\cucumber-core-6.9.0.jar;E:\MavenRepository\io\cucumber\cucumber-gherkin\6.9.0\cucumber-gherkin-6.9.0.jar;E:\MavenRepository\io\cucumber\cucumber-gherkin-messages\6.9.0\cucumber-gherkin-messages-6.9.0.jar;E:\MavenRepository\io\cucumber\messages\13.2.0\messages-13.2.0.jar;E:\MavenRepository\io\cucumber\tag-expressions\3.0.0\tag-expressions-3.0.0.jar;E:\MavenRepository\io\cucumber\cucumber-expressions\10.3.0\cucumber-expressions-10.3.0.jar;E:\MavenRepository\io\cucumber\datatable\3.5.0\datatable-3.5.0.jar;E:\MavenRepository\io\cucumber\cucumber-plugin\6.9.0\cucumber-plugin-6.9.0.jar;E:\MavenRepository\io\cucumber\docstring\6.9.0\docstring-6.9.0.jar;E:\MavenRepository\io\cucumber\html-formatter\9.0.0\html-formatter-9.0.0.jar;E:\MavenRepository\io\cucumber\create-meta\2.0.4\create-meta-2.0.4.jar;E:\MavenRepository\org\apiguardian\apiguardian-api\1.1.0\apiguardian-api-1.1.0.jar;E:\MavenRepository\io\cucumber\cucumber-junit\6.9.0\cucumber-junit-6.9.0.jar;E:\MavenRepository\junit\junit\4.13.1\junit-4.13.1.jar;E:\MavenRepository\org\hamcrest\hamcrest-core\1.3\hamcrest-core-1.3.jar;"/>
    <property name="java.vm.vendor" value="Oracle Corporation"/>
    <property name="sun.arch.data.model" value="64"/>
    <property name="user.variant" value=""/>
    <property name="java.vendor.url" value="http://java.oracle.com/"/>
    <property name="user.timezone" value="Australia/Sydney"/>
    <property name="java.vm.specification.version" value="1.8"/>
    <property name="os.name" value="Windows 10"/>
    <property name="user.country" value="IN"/>
    <property name="sun.java.launcher" value="SUN_STANDARD"/>
    <property name="sun.boot.library.path" value="C:\Program Files\Java\jdk1.8.0_201\jre\bin"/>
    <property name="sun.java.command" value="C:\Users\ACER\AppData\Local\Temp\surefire5783052769430711586\surefirebooter1886165331116706472.jar C:\Users\ACER\AppData\Local\Temp\surefire5783052769430711586 2020-12-10T00-32-44_910-jvmRun1 surefire6530357110548595134tmp surefire_02475319944823943538tmp"/>
    <property name="surefire.test.class.path" value="F:\Cucumber6_Series_updated\cucumber6series\target\test-classes;F:\Cucumber6_Series_updated\cucumber6series\target\classes;E:\MavenRepository\io\cucumber\cucumber-java\6.9.0\cucumber-java-6.9.0.jar;E:\MavenRepository\io\cucumber\cucumber-core\6.9.0\cucumber-core-6.9.0.jar;E:\MavenRepository\io\cucumber\cucumber-gherkin\6.9.0\cucumber-gherkin-6.9.0.jar;E:\MavenRepository\io\cucumber\cucumber-gherkin-messages\6.9.0\cucumber-gherkin-messages-6.9.0.jar;E:\MavenRepository\io\cucumber\messages\13.2.0\messages-13.2.0.jar;E:\MavenRepository\io\cucumber\tag-expressions\3.0.0\tag-expressions-3.0.0.jar;E:\MavenRepository\io\cucumber\cucumber-expressions\10.3.0\cucumber-expressions-10.3.0.jar;E:\MavenRepository\io\cucumber\datatable\3.5.0\datatable-3.5.0.jar;E:\MavenRepository\io\cucumber\cucumber-plugin\6.9.0\cucumber-plugin-6.9.0.jar;E:\MavenRepository\io\cucumber\docstring\6.9.0\docstring-6.9.0.jar;E:\MavenRepository\io\cucumber\html-formatter\9.0.0\html-formatter-9.0.0.jar;E:\MavenRepository\io\cucumber\create-meta\2.0.4\create-meta-2.0.4.jar;E:\MavenRepository\org\apiguardian\apiguardian-api\1.1.0\apiguardian-api-1.1.0.jar;E:\MavenRepository\io\cucumber\cucumber-junit\6.9.0\cucumber-junit-6.9.0.jar;E:\MavenRepository\junit\junit\4.13.1\junit-4.13.1.jar;E:\MavenRepository\org\hamcrest\hamcrest-core\1.3\hamcrest-core-1.3.jar;"/>
    <property name="sun.cpu.endian" value="little"/>
    <property name="user.home" value="C:\Users\ACER"/>
    <property name="user.language" value="en"/>
    <property name="java.specification.vendor" value="Oracle Corporation"/>
    <property name="java.home" value="C:\Program Files\Java\jdk1.8.0_201\jre"/>
    <property name="basedir" value="F:\Cucumber6_Series_updated\cucumber6series"/>
    <property name="file.separator" value="\"/>
    <property name="line.separator" value="&#10;"/>
    <property name="java.vm.specification.vendor" value="Oracle Corporation"/>
    <property name="java.specification.name" value="Java Platform API Specification"/>
    <property name="java.awt.graphicsenv" value="sun.awt.Win32GraphicsEnvironment"/>
    <property name="surefire.real.class.path" value="C:\Users\ACER\AppData\Local\Temp\surefire5783052769430711586\surefirebooter1886165331116706472.jar"/>
    <property name="sun.boot.class.path" value="C:\Program Files\Java\jdk1.8.0_201\jre\lib\resources.jar;C:\Program Files\Java\jdk1.8.0_201\jre\lib\rt.jar;C:\Program Files\Java\jdk1.8.0_201\jre\lib\sunrsasign.jar;C:\Program Files\Java\jdk1.8.0_201\jre\lib\jsse.jar;C:\Program Files\Java\jdk1.8.0_201\jre\lib\jce.jar;C:\Program Files\Java\jdk1.8.0_201\jre\lib\charsets.jar;C:\Program Files\Java\jdk1.8.0_201\jre\lib\jfr.jar;C:\Program Files\Java\jdk1.8.0_201\jre\classes"/>
    <property name="user.script" value=""/>
    <property name="sun.management.compiler" value="HotSpot 64-Bit Tiered Compilers"/>
    <property name="java.runtime.version" value="1.8.0_201-b09"/>
    <property name="user.name" value="ACER"/>
    <property name="path.separator" value=";"/>
    <property name="os.version" value="10.0"/>
    <property name="java.endorsed.dirs" value="C:\Program Files\Java\jdk1.8.0_201\jre\lib\endorsed"/>
    <property name="java.runtime.name" value="Java(TM) SE Runtime Environment"/>
    <property name="file.encoding" value="Cp1252"/>
    <property name="java.vm.name" value="Java HotSpot(TM) 64-Bit Server VM"/>
    <property name="localRepository" value="E:\MavenRepository"/>
    <property name="java.vendor.url.bug" value="http://bugreport.sun.com/bugreport/"/>
    <property name="java.io.tmpdir" value="C:\Users\ACER\AppData\Local\Temp\"/>
    <property name="java.version" value="1.8.0_201"/>
    <property name="user.dir" value="F:\Cucumber6_Series_updated\cucumber6series"/>
    <property name="os.arch" value="amd64"/>
    <property name="java.vm.specification.name" value="Java Virtual Machine Specification"/>
    <property name="java.awt.printerjob" value="sun.awt.windows.WPrinterJob"/>
    <property name="sun.os.patch.level" value=""/>
    <property name="java.library.path" value="C:\Program Files\Java\jdk1.8.0_201\jre\bin;C:\WINDOWS\Sun\Java\bin;C:\WINDOWS\system32;C:\WINDOWS;C:\Program Files (x86)\Common Files\Oracle\Java\javapath;C:\Program Files\Java\jdk1.8.0_201\bin;C:\Program Files (x86)\Intel\iCLS Client\;C:\Program Files\Intel\iCLS Client\;C:\WINDOWS\system32;C:\WINDOWS;C:\WINDOWS\System32\Wbem;C:\WINDOWS\System32\WindowsPowerShell\v1.0\;C:\Program Files (x86)\Intel\Intel(R) Management Engine Components\DAL;C:\Program Files\Intel\Intel(R) Management Engine Components\DAL;C:\Program Files (x86)\Intel\Intel(R) Management Engine Components\IPT;C:\Program Files\Intel\Intel(R) Management Engine Components\IPT;C:\Program Files\Java\jdk1.8.0_201\bin;C:\WINDOWS\System32\OpenSSH\;C:\apache-maven-3.6.0\bin;C:\Program Files\gradle-5.3\bin;C:\Program Files\dotnet\;C:\Program Files\Git\cmd;E:\jar_files_selenium\Mobile Automation_Appium\android-sdk\platform-tools;E:\jar_files_selenium\Mobile Automation_Appium\android-sdk\build-tools;E:\Maven_Files\apache-maven-3.6.0\bin;C:\Program Files\nodejs\;C:\Users\ACER\AppData\Local\Programs\Python\Python38-32;C:\Users\ACER\AppData\Local\Programs\Python\Python38-32\Scripts;C:\Program Files\Microsoft SQL Server\Client SDK\ODBC\110\Tools\Binn\;C:\Program Files (x86)\Microsoft SQL Server\120\Tools\Binn\;C:\Program Files\Microsoft SQL Server\120\Tools\Binn\;C:\Program Files\Microsoft SQL Server\120\DTS\Binn\;C:\Program Files\Microsoft SQL Server\140\Tools\Binn\;C:\Program Files\MySQL\MySQL Shell 8.0\bin\;C:\Users\ACER\AppData\Local\Microsoft\WindowsApps;C:\Program Files\gradle-5.2.1\bin;C:\Program Files\Docker Toolbox;C:\Users\ACER\AppData\Local\Programs\Microsoft VS Code\bin;C:\Users\ACER\AppData\Roaming\npm;C:\Users\ACER\AppData\Local\GitHubDesktop\bin;%USERPROFILE%\AppData\Local\Microsoft\WindowsApps;;."/>
    <property name="java.vm.info" value="mixed mode"/>
    <property name="java.vendor" value="Oracle Corporation"/>
    <property name="java.vm.version" value="25.201-b09"/>
    <property name="java.ext.dirs" value="C:\Program Files\Java\jdk1.8.0_201\jre\lib\ext;C:\WINDOWS\Sun\Java\lib\ext"/>
    <property name="sun.io.unicode.encoding" value="UnicodeLittle"/>
    <property name="java.class.version" value="52.0"/>
  </properties>
  <testcase name="Check Previous Order Details" classname="Amazon Home Page" time="0.423"/>
  <testcase name="Check Cancelled  Order Details" classname="Amazon Home Page" time="0.104"/>
  <testcase name="Check Open  Order Details" classname="Amazon Home Page" time="0.127"/>
  <testcase name="Search a product" classname="Amazon Search" time="0.107"/>
  <testcase name="Booking Cab through Uber for Sedan" classname="Uber booking app" time="0.126"/>
  <testcase name="Booking Cab through Uber for SUV" classname="Uber booking app" time="0.107"/>
  <testcase name="Booking Cab through Uber for MniCar" classname="Uber booking app" time="0.114"/>
</testsuite>